<?xml version="1.0" encoding="UTF-8" ?>
<testsuite tests="36" failures="0" name="com.cucumber.testrunner.TestRunner" time="0.033" errors="0" skipped="0">
  <properties>
    <property name="java.runtime.name" value="Java(TM) SE Runtime Environment"/>
    <property name="cucumber.options" value=" --tags @fb3"/>
    <property name="sun.boot.library.path" value="C:\Program Files\Java\jdk1.8.0_221\jre\bin"/>
    <property name="java.vm.version" value="25.221-b11"/>
    <property name="java.vm.vendor" value="Oracle Corporation"/>
    <property name="maven.multiModuleProjectDirectory" value="D:\Teaf_WebApp\AdactinAutomation"/>
    <property name="java.vendor.url" value="http://java.oracle.com/"/>
    <property name="path.separator" value=";"/>
    <property name="guice.disable.misplaced.annotation.check" value="true"/>
    <property name="java.vm.name" value="Java HotSpot(TM) 64-Bit Server VM"/>
    <property name="file.encoding.pkg" value="sun.io"/>
    <property name="user.script" value=""/>
    <property name="user.country" value="IN"/>
    <property name="sun.java.launcher" value="SUN_STANDARD"/>
    <property name="sun.os.patch.level" value=""/>
    <property name="java.vm.specification.name" value="Java Virtual Machine Specification"/>
    <property name="user.dir" value="D:\Teaf_WebApp\AdactinAutomation"/>
    <property name="java.runtime.version" value="1.8.0_221-b11"/>
    <property name="java.awt.graphicsenv" value="sun.awt.Win32GraphicsEnvironment"/>
    <property name="java.endorsed.dirs" value="C:\Program Files\Java\jdk1.8.0_221\jre\lib\endorsed"/>
    <property name="os.arch" value="amd64"/>
    <property name="java.io.tmpdir" value="C:\Users\User\AppData\Local\Temp\"/>
    <property name="line.separator" value="
"/>
    <property name="java.vm.specification.vendor" value="Oracle Corporation"/>
    <property name="user.variant" value=""/>
    <property name="os.name" value="Windows 10"/>
    <property name="classworlds.conf" value="C:\App\apache-maven-3.6.1-bin\apache-maven-3.6.1\bin\..\bin\m2.conf"/>
    <property name="sun.jnu.encoding" value="Cp1252"/>
    <property name="java.library.path" value="C:\Program Files\Java\jdk1.8.0_221\bin;C:\WINDOWS\Sun\Java\bin;C:\WINDOWS\system32;C:\WINDOWS;C:\Program Files (x86)\TRICENTIS\Tosca Testsuite\Classic;C:\Program Files (x86)\TRICENTIS\Tosca Testsuite\Classic;C:\Program Files (x86)\TRICENTIS\Tosca Testsuite\Classic\dll;C:\Program Files (x86)\TRICENTIS\Tosca Testsuite\Classic\dll\GuptaEngine;C:\Program Files (x86)\TRICENTIS\Tosca Testsuite\ToscaCommander;C:\Program Files (x86)\TRICENTIS\Tosca Testsuite\Classic\dll\DelphiEngine;C:\Program Files (x86)\TRICENTIS\Tosca Testsuite\Classic\dll\PBEngine;C:\Program Files (x86)\TRICENTIS\Tosca Testsuite\Classic\dll\VBEngine;C:\Program Files (x86)\TRICENTIS\Tosca Testsuite\Classic\dll\DotNetHooking;;C:\Program Files (x86)\TRICENTIS\Tosca Testsuite\TBox\Resources\Mobile\Tools;C:\Program Files (x86)\Common Files\Oracle\Java\javapath;C:\WINDOWS\system32;C:\WINDOWS;C:\WINDOWS\System32\Wbem;C:\WINDOWS\System32\WindowsPowerShell\v1.0\;C:\WINDOWS\System32\OpenSSH\;C:\Program Files\Java\jdk1.8.0_221\\bin\;C:\Program Files\Git\cmd;C:\App\apache-maven-3.6.1-bin\apache-maven-3.6.1\bin;C:\Program Files (x86)\Windows Kits\10\Windows Performance Toolkit\;C:\Program Files\nodejs\;C:\Program Files\PuTTY\;C:\Users\User\AppData\Local\Android\Sdk\platform-tools\;C:\Users\User\AppData\Local\Android\Sdk\tools\;C:\Program Files (x86)\Windows Live\Shared;C:\Program Files\MySQL\MySQL Shell 8.0\bin\;C:\Users\User\AppData\Local\Microsoft\WindowsApps;C:\Program Files\Docker Toolbox;."/>
    <property name="maven.conf" value="C:\App\apache-maven-3.6.1-bin\apache-maven-3.6.1\bin\../conf"/>
    <property name="java.specification.name" value="Java Platform API Specification"/>
    <property name="java.class.version" value="52.0"/>
    <property name="sun.management.compiler" value="HotSpot 64-Bit Tiered Compilers"/>
    <property name="os.version" value="10.0"/>
    <property name="library.jansi.path" value="C:\App\apache-maven-3.6.1-bin\apache-maven-3.6.1\bin\..\lib\jansi-native"/>
    <property name="user.home" value="C:\Users\User"/>
    <property name="user.timezone" value="Asia/Calcutta"/>
    <property name="java.awt.printerjob" value="sun.awt.windows.WPrinterJob"/>
    <property name="java.specification.version" value="1.8"/>
    <property name="file.encoding" value="Cp1252"/>
    <property name="user.name" value="User"/>
    <property name="java.class.path" value="C:\App\apache-maven-3.6.1-bin\apache-maven-3.6.1\bin\..\boot\plexus-classworlds-2.6.0.jar"/>
    <property name="java.vm.specification.version" value="1.8"/>
    <property name="sun.arch.data.model" value="64"/>
    <property name="java.home" value="C:\Program Files\Java\jdk1.8.0_221\jre"/>
    <property name="sun.java.command" value="org.codehaus.plexus.classworlds.launcher.Launcher clean test -Dcucumber.options= --tags @fb3"/>
    <property name="java.specification.vendor" value="Oracle Corporation"/>
    <property name="user.language" value="en"/>
    <property name="awt.toolkit" value="sun.awt.windows.WToolkit"/>
    <property name="java.vm.info" value="mixed mode"/>
    <property name="java.version" value="1.8.0_221"/>
    <property name="java.ext.dirs" value="C:\Program Files\Java\jdk1.8.0_221\jre\lib\ext;C:\WINDOWS\Sun\Java\lib\ext"/>
    <property name="sun.boot.class.path" value="C:\Program Files\Java\jdk1.8.0_221\jre\lib\resources.jar;C:\Program Files\Java\jdk1.8.0_221\jre\lib\rt.jar;C:\Program Files\Java\jdk1.8.0_221\jre\lib\sunrsasign.jar;C:\Program Files\Java\jdk1.8.0_221\jre\lib\jsse.jar;C:\Program Files\Java\jdk1.8.0_221\jre\lib\jce.jar;C:\Program Files\Java\jdk1.8.0_221\jre\lib\charsets.jar;C:\Program Files\Java\jdk1.8.0_221\jre\lib\jfr.jar;C:\Program Files\Java\jdk1.8.0_221\jre\classes"/>
    <property name="sun.stderr.encoding" value="cp437"/>
    <property name="java.vendor" value="Oracle Corporation"/>
    <property name="maven.home" value="C:\App\apache-maven-3.6.1-bin\apache-maven-3.6.1\bin\.."/>
    <property name="file.separator" value="\"/>
    <property name="java.vendor.url.bug" value="http://bugreport.sun.com/bugreport/"/>
    <property name="sun.cpu.endian" value="little"/>
    <property name="sun.io.unicode.encoding" value="UnicodeLittle"/>
    <property name="sun.stdout.encoding" value="cp437"/>
    <property name="sun.desktop" value="windows"/>
    <property name="sun.cpu.isalist" value="amd64"/>
  </properties>
  <testcase classname="| TestFN | TestLN | 9876543212345 | 1234 |" name="Given User launch the fb" time="0.007"/>
  <testcase classname="| TestFN | TestLN | 9876543212345 | 1234 |" name="When User enter the firstname &apos;TestFN&apos;" time="0"/>
  <testcase classname="| TestFN | TestLN | 9876543212345 | 1234 |" name="And User enter the lastname &apos;TestLN&apos;" time="0"/>
  <testcase classname="| TestFN | TestLN | 9876543212345 | 1234 |" name="And User enter the mobilenumber &apos;9876543212345&apos;" time="0"/>
  <testcase classname="| TestFN | TestLN | 9876543212345 | 1234 |" name="And User enter the password &apos;1234&apos;" time="0"/>
  <testcase classname="| TestFN | TestLN | 9876543212345 | 1234 |" name="| TestFN | TestLN | 9876543212345 | 1234 |" time="0.006"/>
  <testcase classname="| Test1FN | Test1ln | 12345678 | 5678 |" name="Given User launch the fb" time="0"/>
  <testcase classname="| Test1FN | Test1ln | 12345678 | 5678 |" name="When User enter the firstname &apos;Test1FN&apos;" time="0.001"/>
  <testcase classname="| Test1FN | Test1ln | 12345678 | 5678 |" name="And User enter the lastname &apos;Test1ln&apos;" time="0"/>
  <testcase classname="| Test1FN | Test1ln | 12345678 | 5678 |" name="And User enter the mobilenumber &apos;12345678&apos;" time="0"/>
  <testcase classname="| Test1FN | Test1ln | 12345678 | 5678 |" name="And User enter the password &apos;5678&apos;" time="0"/>
  <testcase classname="| Test1FN | Test1ln | 12345678 | 5678 |" name="| Test1FN | Test1ln | 12345678 | 5678 |" time="0.003"/>
  <testcase classname="| Test2FN | Test2LN | 4657676 | 9012 |" name="Given User launch the fb" time="0"/>
  <testcase classname="| Test2FN | Test2LN | 4657676 | 9012 |" name="When User enter the firstname &apos;Test2FN&apos;" time="0"/>
  <testcase classname="| Test2FN | Test2LN | 4657676 | 9012 |" name="And User enter the lastname &apos;Test2LN&apos;" time="0"/>
  <testcase classname="| Test2FN | Test2LN | 4657676 | 9012 |" name="And User enter the mobilenumber &apos;4657676&apos;" time="0"/>
  <testcase classname="| Test2FN | Test2LN | 4657676 | 9012 |" name="And User enter the password &apos;9012&apos;" time="0"/>
  <testcase classname="| Test2FN | Test2LN | 4657676 | 9012 |" name="| Test2FN | Test2LN | 4657676 | 9012 |" time="0.003"/>
  <testcase classname="| Test2FN | Test2LN | 4657676 | 9012 |" name="Given User launch the fb" time="0.004"/>
  <testcase classname="| Test2FN | Test2LN | 4657676 | 9012 |" name="When User enter the firstname &apos;Test2FN&apos;" time="0"/>
  <testcase classname="| Test2FN | Test2LN | 4657676 | 9012 |" name="And User enter the lastname &apos;Test2LN&apos;" time="0"/>
  <testcase classname="| Test2FN | Test2LN | 4657676 | 9012 |" name="And User enter the mobilenumber &apos;4657676&apos;" time="0"/>
  <testcase classname="| Test2FN | Test2LN | 4657676 | 9012 |" name="And User enter the password &apos;9012&apos;" time="0"/>
  <testcase classname="| Test2FN | Test2LN | 4657676 | 9012 |" name="| Test2FN | Test2LN | 4657676 | 9012 |" time="0.004"/>
  <testcase classname="| Test2FN | Test2LN | 4657676 | 9012 |" name="Given User launch the fb" time="0"/>
  <testcase classname="| Test2FN | Test2LN | 4657676 | 9012 |" name="When User enter the firstname &apos;Test2FN&apos;" time="0"/>
  <testcase classname="| Test2FN | Test2LN | 4657676 | 9012 |" name="And User enter the lastname &apos;Test2LN&apos;" time="0"/>
  <testcase classname="| Test2FN | Test2LN | 4657676 | 9012 |" name="And User enter the mobilenumber &apos;4657676&apos;" time="0"/>
  <testcase classname="| Test2FN | Test2LN | 4657676 | 9012 |" name="And User enter the password &apos;9012&apos;" time="0"/>
  <testcase classname="| Test2FN | Test2LN | 4657676 | 9012 |" name="| Test2FN | Test2LN | 4657676 | 9012 |" time="0.002"/>
  <testcase classname="| Test2FN | Test2LN | 4657676 | 9012 |" name="Given User launch the fb" time="0.001"/>
  <testcase classname="| Test2FN | Test2LN | 4657676 | 9012 |" name="When User enter the firstname &apos;Test2FN&apos;" time="0"/>
  <testcase classname="| Test2FN | Test2LN | 4657676 | 9012 |" name="And User enter the lastname &apos;Test2LN&apos;" time="0"/>
  <testcase classname="| Test2FN | Test2LN | 4657676 | 9012 |" name="And User enter the mobilenumber &apos;4657676&apos;" time="0"/>
  <testcase classname="| Test2FN | Test2LN | 4657676 | 9012 |" name="And User enter the password &apos;9012&apos;" time="0"/>
  <testcase classname="| Test2FN | Test2LN | 4657676 | 9012 |" name="| Test2FN | Test2LN | 4657676 | 9012 |" time="0.002"/>
</testsuite>