<?xml version="1.0" encoding="UTF-8"?>
<testsuite xmlns:xsi="http://www.w3.org/2001/XMLSchema-instance" xsi:noNamespaceSchemaLocation="https://maven.apache.org/surefire/maven-surefire-plugin/xsd/surefire-test-report-3.0.xsd" version="3.0" name="com.cucumber.testrunner.TestRunnerClass" time="1.387" tests="84" errors="15" skipped="34" failures="0">
  <properties>
    <property name="sun.desktop" value="windows"/>
    <property name="awt.toolkit" value="sun.awt.windows.WToolkit"/>
    <property name="file.encoding.pkg" value="sun.io"/>
    <property name="java.specification.version" value="1.8"/>
    <property name="sun.cpu.isalist" value="amd64"/>
    <property name="sun.jnu.encoding" value="Cp1252"/>
    <property name="java.class.path" value="C:\Users\cbzsr\OneDrive\Desktop\eclipse\jdk\CucumberDay2\target\test-classes;C:\Users\cbzsr\OneDrive\Desktop\eclipse\jdk\CucumberDay2\target\classes;C:\Users\cbzsr\.m2\repository\com\vimalselvam\cucumber-extentsreport\3.0.2\cucumber-extentsreport-3.0.2.jar;C:\Users\cbzsr\.m2\repository\com\aventstack\extentreports\3.0.6\extentreports-3.0.6.jar;C:\Users\cbzsr\.m2\repository\org\freemarker\freemarker\2.3.23\freemarker-2.3.23.jar;C:\Users\cbzsr\.m2\repository\org\mongodb\mongodb-driver\3.3.0\mongodb-driver-3.3.0.jar;C:\Users\cbzsr\.m2\repository\org\mongodb\bson\3.3.0\bson-3.3.0.jar;C:\Users\cbzsr\.m2\repository\org\mongodb\mongodb-driver-core\3.3.0\mongodb-driver-core-3.3.0.jar;C:\Users\cbzsr\.m2\repository\org\apache\httpcomponents\httpclient\4.5.2\httpclient-4.5.2.jar;C:\Users\cbzsr\.m2\repository\org\apache\httpcomponents\httpcore\4.4.4\httpcore-4.4.4.jar;C:\Users\cbzsr\.m2\repository\commons-logging\commons-logging\1.2\commons-logging-1.2.jar;C:\Users\cbzsr\.m2\repository\org\apache\httpcomponents\httpmime\4.5.2\httpmime-4.5.2.jar;C:\Users\cbzsr\.m2\repository\org\jsoup\jsoup\1.9.2\jsoup-1.9.2.jar;C:\Users\cbzsr\.m2\repository\org\apache\poi\poi\4.1.1\poi-4.1.1.jar;C:\Users\cbzsr\.m2\repository\commons-codec\commons-codec\1.13\commons-codec-1.13.jar;C:\Users\cbzsr\.m2\repository\org\apache\commons\commons-collections4\4.4\commons-collections4-4.4.jar;C:\Users\cbzsr\.m2\repository\org\apache\commons\commons-math3\3.6.1\commons-math3-3.6.1.jar;C:\Users\cbzsr\.m2\repository\org\apache\poi\poi-ooxml\4.1.1\poi-ooxml-4.1.1.jar;C:\Users\cbzsr\.m2\repository\org\apache\poi\poi-ooxml-schemas\4.1.1\poi-ooxml-schemas-4.1.1.jar;C:\Users\cbzsr\.m2\repository\org\apache\xmlbeans\xmlbeans\3.1.0\xmlbeans-3.1.0.jar;C:\Users\cbzsr\.m2\repository\org\apache\commons\commons-compress\1.19\commons-compress-1.19.jar;C:\Users\cbzsr\.m2\repository\com\github\virtuald\curvesapi\1.06\curvesapi-1.06.jar;C:\Users\cbzsr\.m2\repository\org\seleniumhq\selenium\selenium-java\3.141.59\selenium-java-3.141.59.jar;C:\Users\cbzsr\.m2\repository\org\seleniumhq\selenium\selenium-api\3.141.59\selenium-api-3.141.59.jar;C:\Users\cbzsr\.m2\repository\org\seleniumhq\selenium\selenium-chrome-driver\3.141.59\selenium-chrome-driver-3.141.59.jar;C:\Users\cbzsr\.m2\repository\org\seleniumhq\selenium\selenium-edge-driver\3.141.59\selenium-edge-driver-3.141.59.jar;C:\Users\cbzsr\.m2\repository\org\seleniumhq\selenium\selenium-firefox-driver\3.141.59\selenium-firefox-driver-3.141.59.jar;C:\Users\cbzsr\.m2\repository\org\seleniumhq\selenium\selenium-ie-driver\3.141.59\selenium-ie-driver-3.141.59.jar;C:\Users\cbzsr\.m2\repository\org\seleniumhq\selenium\selenium-opera-driver\3.141.59\selenium-opera-driver-3.141.59.jar;C:\Users\cbzsr\.m2\repository\org\seleniumhq\selenium\selenium-remote-driver\3.141.59\selenium-remote-driver-3.141.59.jar;C:\Users\cbzsr\.m2\repository\org\seleniumhq\selenium\selenium-safari-driver\3.141.59\selenium-safari-driver-3.141.59.jar;C:\Users\cbzsr\.m2\repository\org\seleniumhq\selenium\selenium-support\3.141.59\selenium-support-3.141.59.jar;C:\Users\cbzsr\.m2\repository\net\bytebuddy\byte-buddy\1.8.15\byte-buddy-1.8.15.jar;C:\Users\cbzsr\.m2\repository\org\apache\commons\commons-exec\1.3\commons-exec-1.3.jar;C:\Users\cbzsr\.m2\repository\com\google\guava\guava\25.0-jre\guava-25.0-jre.jar;C:\Users\cbzsr\.m2\repository\com\google\code\findbugs\jsr305\1.3.9\jsr305-1.3.9.jar;C:\Users\cbzsr\.m2\repository\org\checkerframework\checker-compat-qual\2.0.0\checker-compat-qual-2.0.0.jar;C:\Users\cbzsr\.m2\repository\com\google\errorprone\error_prone_annotations\2.1.3\error_prone_annotations-2.1.3.jar;C:\Users\cbzsr\.m2\repository\com\google\j2objc\j2objc-annotations\1.1\j2objc-annotations-1.1.jar;C:\Users\cbzsr\.m2\repository\org\codehaus\mojo\animal-sniffer-annotations\1.14\animal-sniffer-annotations-1.14.jar;C:\Users\cbzsr\.m2\repository\com\squareup\okhttp3\okhttp\3.11.0\okhttp-3.11.0.jar;C:\Users\cbzsr\.m2\repository\com\squareup\okio\okio\1.14.0\okio-1.14.0.jar;C:\Users\cbzsr\.m2\repository\commons-io\commons-io\2.6\commons-io-2.6.jar;C:\Users\cbzsr\.m2\repository\junit\junit\4.12\junit-4.12.jar;C:\Users\cbzsr\.m2\repository\org\hamcrest\hamcrest-core\1.3\hamcrest-core-1.3.jar;C:\Users\cbzsr\.m2\repository\info\cukes\cucumber-junit\1.2.5\cucumber-junit-1.2.5.jar;C:\Users\cbzsr\.m2\repository\info\cukes\cucumber-java\1.2.5\cucumber-java-1.2.5.jar;C:\Users\cbzsr\.m2\repository\info\cukes\cucumber-core\1.2.5\cucumber-core-1.2.5.jar;C:\Users\cbzsr\.m2\repository\info\cukes\cucumber-html\0.2.3\cucumber-html-0.2.3.jar;C:\Users\cbzsr\.m2\repository\info\cukes\cucumber-jvm-deps\1.0.5\cucumber-jvm-deps-1.0.5.jar;C:\Users\cbzsr\.m2\repository\info\cukes\gherkin\2.12.2\gherkin-2.12.2.jar;"/>
    <property name="java.vm.vendor" value="Oracle Corporation"/>
    <property name="sun.arch.data.model" value="64"/>
    <property name="user.variant" value=""/>
    <property name="java.vendor.url" value="http://java.oracle.com/"/>
    <property name="user.timezone" value="Asia/Calcutta"/>
    <property name="java.vm.specification.version" value="1.8"/>
    <property name="os.name" value="Windows 10"/>
    <property name="user.country" value="IN"/>
    <property name="sun.java.launcher" value="SUN_STANDARD"/>
    <property name="sun.boot.library.path" value="C:\Program Files\Java\jdk1.8.0_221\jre\bin"/>
    <property name="sun.java.command" value="C:\Users\cbzsr\AppData\Local\Temp\surefire8684064070478711385\surefirebooter6158020047334812469.jar C:\Users\cbzsr\AppData\Local\Temp\surefire8684064070478711385 2019-12-02T10-14-55_037-jvmRun1 surefire3447339903634692783tmp surefire_05078828042620166716tmp"/>
    <property name="surefire.test.class.path" value="C:\Users\cbzsr\OneDrive\Desktop\eclipse\jdk\CucumberDay2\target\test-classes;C:\Users\cbzsr\OneDrive\Desktop\eclipse\jdk\CucumberDay2\target\classes;C:\Users\cbzsr\.m2\repository\com\vimalselvam\cucumber-extentsreport\3.0.2\cucumber-extentsreport-3.0.2.jar;C:\Users\cbzsr\.m2\repository\com\aventstack\extentreports\3.0.6\extentreports-3.0.6.jar;C:\Users\cbzsr\.m2\repository\org\freemarker\freemarker\2.3.23\freemarker-2.3.23.jar;C:\Users\cbzsr\.m2\repository\org\mongodb\mongodb-driver\3.3.0\mongodb-driver-3.3.0.jar;C:\Users\cbzsr\.m2\repository\org\mongodb\bson\3.3.0\bson-3.3.0.jar;C:\Users\cbzsr\.m2\repository\org\mongodb\mongodb-driver-core\3.3.0\mongodb-driver-core-3.3.0.jar;C:\Users\cbzsr\.m2\repository\org\apache\httpcomponents\httpclient\4.5.2\httpclient-4.5.2.jar;C:\Users\cbzsr\.m2\repository\org\apache\httpcomponents\httpcore\4.4.4\httpcore-4.4.4.jar;C:\Users\cbzsr\.m2\repository\commons-logging\commons-logging\1.2\commons-logging-1.2.jar;C:\Users\cbzsr\.m2\repository\org\apache\httpcomponents\httpmime\4.5.2\httpmime-4.5.2.jar;C:\Users\cbzsr\.m2\repository\org\jsoup\jsoup\1.9.2\jsoup-1.9.2.jar;C:\Users\cbzsr\.m2\repository\org\apache\poi\poi\4.1.1\poi-4.1.1.jar;C:\Users\cbzsr\.m2\repository\commons-codec\commons-codec\1.13\commons-codec-1.13.jar;C:\Users\cbzsr\.m2\repository\org\apache\commons\commons-collections4\4.4\commons-collections4-4.4.jar;C:\Users\cbzsr\.m2\repository\org\apache\commons\commons-math3\3.6.1\commons-math3-3.6.1.jar;C:\Users\cbzsr\.m2\repository\org\apache\poi\poi-ooxml\4.1.1\poi-ooxml-4.1.1.jar;C:\Users\cbzsr\.m2\repository\org\apache\poi\poi-ooxml-schemas\4.1.1\poi-ooxml-schemas-4.1.1.jar;C:\Users\cbzsr\.m2\repository\org\apache\xmlbeans\xmlbeans\3.1.0\xmlbeans-3.1.0.jar;C:\Users\cbzsr\.m2\repository\org\apache\commons\commons-compress\1.19\commons-compress-1.19.jar;C:\Users\cbzsr\.m2\repository\com\github\virtuald\curvesapi\1.06\curvesapi-1.06.jar;C:\Users\cbzsr\.m2\repository\org\seleniumhq\selenium\selenium-java\3.141.59\selenium-java-3.141.59.jar;C:\Users\cbzsr\.m2\repository\org\seleniumhq\selenium\selenium-api\3.141.59\selenium-api-3.141.59.jar;C:\Users\cbzsr\.m2\repository\org\seleniumhq\selenium\selenium-chrome-driver\3.141.59\selenium-chrome-driver-3.141.59.jar;C:\Users\cbzsr\.m2\repository\org\seleniumhq\selenium\selenium-edge-driver\3.141.59\selenium-edge-driver-3.141.59.jar;C:\Users\cbzsr\.m2\repository\org\seleniumhq\selenium\selenium-firefox-driver\3.141.59\selenium-firefox-driver-3.141.59.jar;C:\Users\cbzsr\.m2\repository\org\seleniumhq\selenium\selenium-ie-driver\3.141.59\selenium-ie-driver-3.141.59.jar;C:\Users\cbzsr\.m2\repository\org\seleniumhq\selenium\selenium-opera-driver\3.141.59\selenium-opera-driver-3.141.59.jar;C:\Users\cbzsr\.m2\repository\org\seleniumhq\selenium\selenium-remote-driver\3.141.59\selenium-remote-driver-3.141.59.jar;C:\Users\cbzsr\.m2\repository\org\seleniumhq\selenium\selenium-safari-driver\3.141.59\selenium-safari-driver-3.141.59.jar;C:\Users\cbzsr\.m2\repository\org\seleniumhq\selenium\selenium-support\3.141.59\selenium-support-3.141.59.jar;C:\Users\cbzsr\.m2\repository\net\bytebuddy\byte-buddy\1.8.15\byte-buddy-1.8.15.jar;C:\Users\cbzsr\.m2\repository\org\apache\commons\commons-exec\1.3\commons-exec-1.3.jar;C:\Users\cbzsr\.m2\repository\com\google\guava\guava\25.0-jre\guava-25.0-jre.jar;C:\Users\cbzsr\.m2\repository\com\google\code\findbugs\jsr305\1.3.9\jsr305-1.3.9.jar;C:\Users\cbzsr\.m2\repository\org\checkerframework\checker-compat-qual\2.0.0\checker-compat-qual-2.0.0.jar;C:\Users\cbzsr\.m2\repository\com\google\errorprone\error_prone_annotations\2.1.3\error_prone_annotations-2.1.3.jar;C:\Users\cbzsr\.m2\repository\com\google\j2objc\j2objc-annotations\1.1\j2objc-annotations-1.1.jar;C:\Users\cbzsr\.m2\repository\org\codehaus\mojo\animal-sniffer-annotations\1.14\animal-sniffer-annotations-1.14.jar;C:\Users\cbzsr\.m2\repository\com\squareup\okhttp3\okhttp\3.11.0\okhttp-3.11.0.jar;C:\Users\cbzsr\.m2\repository\com\squareup\okio\okio\1.14.0\okio-1.14.0.jar;C:\Users\cbzsr\.m2\repository\commons-io\commons-io\2.6\commons-io-2.6.jar;C:\Users\cbzsr\.m2\repository\junit\junit\4.12\junit-4.12.jar;C:\Users\cbzsr\.m2\repository\org\hamcrest\hamcrest-core\1.3\hamcrest-core-1.3.jar;C:\Users\cbzsr\.m2\repository\info\cukes\cucumber-junit\1.2.5\cucumber-junit-1.2.5.jar;C:\Users\cbzsr\.m2\repository\info\cukes\cucumber-java\1.2.5\cucumber-java-1.2.5.jar;C:\Users\cbzsr\.m2\repository\info\cukes\cucumber-core\1.2.5\cucumber-core-1.2.5.jar;C:\Users\cbzsr\.m2\repository\info\cukes\cucumber-html\0.2.3\cucumber-html-0.2.3.jar;C:\Users\cbzsr\.m2\repository\info\cukes\cucumber-jvm-deps\1.0.5\cucumber-jvm-deps-1.0.5.jar;C:\Users\cbzsr\.m2\repository\info\cukes\gherkin\2.12.2\gherkin-2.12.2.jar;"/>
    <property name="sun.cpu.endian" value="little"/>
    <property name="user.home" value="C:\Users\cbzsr"/>
    <property name="user.language" value="en"/>
    <property name="java.specification.vendor" value="Oracle Corporation"/>
    <property name="java.home" value="C:\Program Files\Java\jdk1.8.0_221\jre"/>
    <property name="basedir" value="C:\Users\cbzsr\OneDrive\Desktop\eclipse\jdk\CucumberDay2"/>
    <property name="file.separator" value="\"/>
    <property name="line.separator" value="&#10;"/>
    <property name="java.vm.specification.vendor" value="Oracle Corporation"/>
    <property name="java.specification.name" value="Java Platform API Specification"/>
    <property name="java.awt.graphicsenv" value="sun.awt.Win32GraphicsEnvironment"/>
    <property name="surefire.real.class.path" value="C:\Users\cbzsr\AppData\Local\Temp\surefire8684064070478711385\surefirebooter6158020047334812469.jar"/>
    <property name="sun.boot.class.path" value="C:\Program Files\Java\jdk1.8.0_221\jre\lib\resources.jar;C:\Program Files\Java\jdk1.8.0_221\jre\lib\rt.jar;C:\Program Files\Java\jdk1.8.0_221\jre\lib\sunrsasign.jar;C:\Program Files\Java\jdk1.8.0_221\jre\lib\jsse.jar;C:\Program Files\Java\jdk1.8.0_221\jre\lib\jce.jar;C:\Program Files\Java\jdk1.8.0_221\jre\lib\charsets.jar;C:\Program Files\Java\jdk1.8.0_221\jre\lib\jfr.jar;C:\Program Files\Java\jdk1.8.0_221\jre\classes"/>
    <property name="user.script" value=""/>
    <property name="sun.management.compiler" value="HotSpot 64-Bit Tiered Compilers"/>
    <property name="java.runtime.version" value="1.8.0_221-b11"/>
    <property name="user.name" value="cbzsr"/>
    <property name="path.separator" value=";"/>
    <property name="os.version" value="10.0"/>
    <property name="java.endorsed.dirs" value="C:\Program Files\Java\jdk1.8.0_221\jre\lib\endorsed"/>
    <property name="java.runtime.name" value="Java(TM) SE Runtime Environment"/>
    <property name="file.encoding" value="Cp1252"/>
    <property name="java.vm.name" value="Java HotSpot(TM) 64-Bit Server VM"/>
    <property name="localRepository" value="C:\Users\cbzsr\.m2\repository"/>
    <property name="java.vendor.url.bug" value="http://bugreport.sun.com/bugreport/"/>
    <property name="java.io.tmpdir" value="C:\Users\cbzsr\AppData\Local\Temp\"/>
    <property name="java.version" value="1.8.0_221"/>
    <property name="user.dir" value="C:\Users\cbzsr\OneDrive\Desktop\eclipse\jdk\CucumberDay2"/>
    <property name="os.arch" value="amd64"/>
    <property name="java.vm.specification.name" value="Java Virtual Machine Specification"/>
    <property name="java.awt.printerjob" value="sun.awt.windows.WPrinterJob"/>
    <property name="sun.os.patch.level" value=""/>
    <property name="java.library.path" value="C:\Program Files\Java\jdk1.8.0_221\jre\bin;C:\Windows\Sun\Java\bin;C:\Windows\system32;C:\Windows;C:/Program Files/Java/jre1.8.0_221/bin/server;C:/Program Files/Java/jre1.8.0_221/bin;C:/Program Files/Java/jre1.8.0_221/lib/amd64;C:\Program Files (x86)\Common Files\Oracle\Java\javapath;C:\Windows\system32;C:\Windows;C:\Windows\System32\Wbem;C:\Windows\System32\WindowsPowerShell\v1.0\;C:\Windows\System32\OpenSSH\;C:\Program Files (x86)\Intel\Intel(R) Management Engine Components\DAL;C:\Program Files\Intel\Intel(R) Management Engine Components\DAL;C:\Program Files\Java\jdk1.8.0_221\bin;C:\MAVEN-HOME\apache-maven-3.6.2\bin;C:\Program Files\Git\cmd;C:\Users\cbzsr\AppData\Local\Microsoft\WindowsApps;;C:\Users\cbzsr\OneDrive\Desktop\eclipse;;."/>
    <property name="java.vm.info" value="mixed mode"/>
    <property name="java.vendor" value="Oracle Corporation"/>
    <property name="java.vm.version" value="25.221-b11"/>
    <property name="java.ext.dirs" value="C:\Program Files\Java\jdk1.8.0_221\jre\lib\ext;C:\Windows\Sun\Java\lib\ext"/>
    <property name="sun.io.unicode.encoding" value="UnicodeLittle"/>
    <property name="java.class.version" value="52.0"/>
  </properties>
  <testcase name="When Launch hotel reservation application" classname="Scenario: To verify valid login details" time="0.016">
    <error type="java.lang.NullPointerException"><![CDATA[java.lang.NullPointerException
]]></error>
    <system-out><![CDATA[Driver initiazation
]]></system-out>
  </testcase>
  <testcase name="" classname="Scenario: To verify valid login details" time="0.016">
    <error type="java.lang.NullPointerException"><![CDATA[java.lang.NullPointerException
]]></error>
  </testcase>
  <testcase name="" classname="Scenario: To verify valid login details" time="0.047">
    <error type="java.lang.NullPointerException"><![CDATA[java.lang.NullPointerException
]]></error>
  </testcase>
  <testcase name="And Login to the application using username and password" classname="Scenario: To verify valid login details" time="0">
    <skipped/>
  </testcase>
  <testcase name="Then User verifies the username in the HomePage" classname="Scenario: To verify valid login details" time="0">
    <skipped/>
  </testcase>
  <testcase name="When Launch hotel reservation application" classname="Scenario: To verify whether the check-out date field accepts a later date than checkin date" time="0.007">
    <error type="java.lang.NullPointerException"><![CDATA[java.lang.NullPointerException
]]></error>
  </testcase>
  <testcase name="" classname="Scenario: To verify whether the check-out date field accepts a later date than checkin date" time="0.007">
    <error type="java.lang.NullPointerException"><![CDATA[java.lang.NullPointerException
]]></error>
  </testcase>
  <testcase name="" classname="Scenario: To verify whether the check-out date field accepts a later date than checkin date" time="0.007">
    <error type="java.lang.NullPointerException"><![CDATA[java.lang.NullPointerException
]]></error>
  </testcase>
  <testcase name="And Login to the application using username and password" classname="Scenario: To verify whether the check-out date field accepts a later date than checkin date" time="0">
    <skipped/>
  </testcase>
  <testcase name="Given Select location as in test data" classname="Scenario: To verify whether the check-out date field accepts a later date than checkin date" time="0">
    <skipped/>
  </testcase>
  <testcase name="When Select hotel as in test data" classname="Scenario: To verify whether the check-out date field accepts a later date than checkin date" time="0">
    <skipped/>
  </testcase>
  <testcase name="And Select room type as in test data" classname="Scenario: To verify whether the check-out date field accepts a later date than checkin date" time="0">
    <skipped/>
  </testcase>
  <testcase name="And Select no-of-rooms as in test data" classname="Scenario: To verify whether the check-out date field accepts a later date than checkin date" time="0">
    <skipped/>
  </testcase>
  <testcase name="And Enter check-in-date later than the checkout-date field as in test data" classname="Scenario: To verify whether the check-out date field accepts a later date than checkin date" time="0">
    <skipped/>
  </testcase>
  <testcase name="Then Verify that system gives an error saying ‘check-in-date should not be later than check-out-date’" classname="Scenario: To verify whether the check-out date field accepts a later date than checkin date" time="0">
    <skipped/>
  </testcase>
  <testcase name="When Launch hotel reservation application" classname="Scenario: To check if error is reported if check-out date field is in the past" time="0">
    <error type="java.lang.NullPointerException"><![CDATA[java.lang.NullPointerException
]]></error>
  </testcase>
  <testcase name="" classname="Scenario: To check if error is reported if check-out date field is in the past" time="0.015">
    <error type="java.lang.NullPointerException"><![CDATA[java.lang.NullPointerException
]]></error>
  </testcase>
  <testcase name="" classname="Scenario: To check if error is reported if check-out date field is in the past" time="0.015">
    <error type="java.lang.NullPointerException"><![CDATA[java.lang.NullPointerException
]]></error>
  </testcase>
  <testcase name="And Login to the application using username and password" classname="Scenario: To check if error is reported if check-out date field is in the past" time="0">
    <skipped/>
  </testcase>
  <testcase name="Given Select location as in test data" classname="Scenario: To check if error is reported if check-out date field is in the past" time="0">
    <skipped/>
  </testcase>
  <testcase name="When Select hotel as in test data" classname="Scenario: To check if error is reported if check-out date field is in the past" time="0">
    <skipped/>
  </testcase>
  <testcase name="And Select room type as in test data" classname="Scenario: To check if error is reported if check-out date field is in the past" time="0">
    <skipped/>
  </testcase>
  <testcase name="And Select no-of-rooms as in test data" classname="Scenario: To check if error is reported if check-out date field is in the past" time="0">
    <skipped/>
  </testcase>
  <testcase name="And Enter check-out-date as in test data" classname="Scenario: To check if error is reported if check-out date field is in the past" time="0">
    <skipped/>
  </testcase>
  <testcase name="And User Click on Search button" classname="Scenario: To check if error is reported if check-out date field is in the past" time="0">
    <skipped/>
  </testcase>
  <testcase name="Then Verify that application throws error message" classname="Scenario: To check if error is reported if check-out date field is in the past" time="0">
    <skipped/>
  </testcase>
  <testcase name="When Launch hotel reservation application" classname="Scenario: To verify whether locations in Select Hotel page are displayed according to the location selected in Search Hotel" time="0">
    <error type="java.lang.NullPointerException"><![CDATA[java.lang.NullPointerException
]]></error>
  </testcase>
  <testcase name="" classname="Scenario: To verify whether locations in Select Hotel page are displayed according to the location selected in Search Hotel" time="0">
    <error type="java.lang.NullPointerException"><![CDATA[java.lang.NullPointerException
]]></error>
  </testcase>
  <testcase name="" classname="Scenario: To verify whether locations in Select Hotel page are displayed according to the location selected in Search Hotel" time="0.016">
    <error type="java.lang.NullPointerException"><![CDATA[java.lang.NullPointerException
]]></error>
  </testcase>
  <testcase name="And Login to the application using username and password" classname="Scenario: To verify whether locations in Select Hotel page are displayed according to the location selected in Search Hotel" time="0">
    <skipped/>
  </testcase>
  <testcase name="Given Select location as in test data" classname="Scenario: To verify whether locations in Select Hotel page are displayed according to the location selected in Search Hotel" time="0">
    <skipped/>
  </testcase>
  <testcase name="When Select hotel as in test data" classname="Scenario: To verify whether locations in Select Hotel page are displayed according to the location selected in Search Hotel" time="0">
    <skipped/>
  </testcase>
  <testcase name="And Select room type as in test data" classname="Scenario: To verify whether locations in Select Hotel page are displayed according to the location selected in Search Hotel" time="0">
    <skipped/>
  </testcase>
  <testcase name="And Select no-of-rooms as in test data" classname="Scenario: To verify whether locations in Select Hotel page are displayed according to the location selected in Search Hotel" time="0">
    <skipped/>
  </testcase>
  <testcase name="And User Enters the check-out-date as in test data" classname="Scenario: To verify whether locations in Select Hotel page are displayed according to the location selected in Search Hotel" time="0">
    <skipped/>
  </testcase>
  <testcase name="And Select No-of-adults as in test data" classname="Scenario: To verify whether locations in Select Hotel page are displayed according to the location selected in Search Hotel" time="0">
    <skipped/>
  </testcase>
  <testcase name="And Select No-of-children as in test data" classname="Scenario: To verify whether locations in Select Hotel page are displayed according to the location selected in Search Hotel" time="0">
    <skipped/>
  </testcase>
  <testcase name="And Click on Search button." classname="Scenario: To verify whether locations in Select Hotel page are displayed according to the location selected in Search Hotel" time="0">
    <skipped/>
  </testcase>
  <testcase name="Then Verify that hotel displayed is the same as selected in search Hotel form." classname="Scenario: To verify whether locations in Select Hotel page are displayed according to the location selected in Search Hotel" time="0">
    <skipped/>
  </testcase>
  <testcase name="When Launch hotel reservation application" classname="Scenario: To verify whether check-in date and Check Out date are being displayed in Select Hotel page according to the dates selected in search Hotel." time="0">
    <error type="java.lang.NullPointerException"><![CDATA[java.lang.NullPointerException
]]></error>
  </testcase>
  <testcase name="" classname="Scenario: To verify whether check-in date and Check Out date are being displayed in Select Hotel page according to the dates selected in search Hotel." time="0">
    <error type="java.lang.NullPointerException"><![CDATA[java.lang.NullPointerException
]]></error>
  </testcase>
  <testcase name="" classname="Scenario: To verify whether check-in date and Check Out date are being displayed in Select Hotel page according to the dates selected in search Hotel." time="0.016">
    <error type="java.lang.NullPointerException"><![CDATA[java.lang.NullPointerException
]]></error>
  </testcase>
  <testcase name="And Login to the application using username and password" classname="Scenario: To verify whether check-in date and Check Out date are being displayed in Select Hotel page according to the dates selected in search Hotel." time="0">
    <skipped/>
  </testcase>
  <testcase name="Given User launched application and selects as in test data" classname="Scenario: To verify whether check-in date and Check Out date are being displayed in Select Hotel page according to the dates selected in search Hotel." time="0">
    <skipped/>
  </testcase>
  <testcase name="When User selects number of rooms as in test data" classname="Scenario: To verify whether check-in date and Check Out date are being displayed in Select Hotel page according to the dates selected in search Hotel." time="0">
    <skipped/>
  </testcase>
  <testcase name="And User enters check-in and check-out date" classname="Scenario: To verify whether check-in date and Check Out date are being displayed in Select Hotel page according to the dates selected in search Hotel." time="0">
    <skipped/>
  </testcase>
  <testcase name="And User selects number of adults and childrens as in test data" classname="Scenario: To verify whether check-in date and Check Out date are being displayed in Select Hotel page according to the dates selected in search Hotel." time="0">
    <skipped/>
  </testcase>
  <testcase name="And User clicks on search button" classname="Scenario: To verify whether check-in date and Check Out date are being displayed in Select Hotel page according to the dates selected in search Hotel." time="0">
    <skipped/>
  </testcase>
  <testcase name="Then User verifies that hotel displayed is same as selected in search hotel page" classname="Scenario: To verify whether check-in date and Check Out date are being displayed in Select Hotel page according to the dates selected in search Hotel." time="0">
    <skipped/>
  </testcase>
  <testcase name="Given User launch the browser and hit the facebook application" classname="Scenario: Verify the successful login of the application" time="0.004"/>
  <testcase name="When User enter the user name or email id" classname="Scenario: Verify the successful login of the application" time="0"/>
  <testcase name="And User enter the password" classname="Scenario: Verify the successful login of the application" time="0"/>
  <testcase name="And User click on the login button" classname="Scenario: Verify the successful login of the application" time="0"/>
  <testcase name="Then User Verify the user name in the header" classname="Scenario: Verify the successful login of the application" time="0"/>
  <testcase name="And User logout the application" classname="Scenario: Verify the successful login of the application" time="0"/>
  <testcase name="" classname="Scenario: Verify the successful login of the application" time="0"/>
  <testcase name="Given User launch the browser and hit the facebook application" classname="Scenario: Verify the successful login of the application with step data" time="0"/>
  <testcase name="When User enter the user name or email id &quot;testsathya@gmail.com&quot;" classname="Scenario: Verify the successful login of the application with step data" time="0"/>
  <testcase name="And User enter the password &quot;9876543&quot;" classname="Scenario: Verify the successful login of the application with step data" time="0"/>
  <testcase name="And User click on the login button" classname="Scenario: Verify the successful login of the application with step data" time="0"/>
  <testcase name="Then User verify the user name &quot;Sathya&quot; in the header" classname="Scenario: Verify the successful login of the application with step data" time="0"/>
  <testcase name="And User logout the application" classname="Scenario: Verify the successful login of the application with step data" time="0"/>
  <testcase name="" classname="Scenario: Verify the successful login of the application with step data" time="0"/>
  <testcase name="Given User launch the browser and hit the facebook application" classname="| Kavi@gmail.com | 12345 | Logged in Successfully |" time="0"/>
  <testcase name="When User enter the user name or email id &quot;Kavi@gmail.com&quot;" classname="| Kavi@gmail.com | 12345 | Logged in Successfully |" time="0"/>
  <testcase name="And User enter the password &quot;12345&quot;" classname="| Kavi@gmail.com | 12345 | Logged in Successfully |" time="0"/>
  <testcase name="And User click on the login button" classname="| Kavi@gmail.com | 12345 | Logged in Successfully |" time="0"/>
  <testcase name="And User verify the user name &quot;Logged in Successfully&quot; in the header" classname="| Kavi@gmail.com | 12345 | Logged in Successfully |" time="0"/>
  <testcase name="And User logout the application" classname="| Kavi@gmail.com | 12345 | Logged in Successfully |" time="0"/>
  <testcase name="" classname="| Kavi@gmail.com | 12345 | Logged in Successfully |" time="0"/>
  <testcase name="Given User launch the browser and hit the facebook application" classname="| Srini@com | 56778 | Invalid credentials |" time="0"/>
  <testcase name="When User enter the user name or email id &quot;Srini@com&quot;" classname="| Srini@com | 56778 | Invalid credentials |" time="0"/>
  <testcase name="And User enter the password &quot;56778&quot;" classname="| Srini@com | 56778 | Invalid credentials |" time="0"/>
  <testcase name="And User click on the login button" classname="| Srini@com | 56778 | Invalid credentials |" time="0"/>
  <testcase name="And User verify the user name &quot;Invalid credentials&quot; in the header" classname="| Srini@com | 56778 | Invalid credentials |" time="0"/>
  <testcase name="And User logout the application" classname="| Srini@com | 56778 | Invalid credentials |" time="0"/>
  <testcase name="" classname="| Srini@com | 56778 | Invalid credentials |" time="0"/>
  <testcase name="Given User launch the browser and hit the facebook application" classname="| Ajith@gmail | 12345 | Invalid credentials |" time="0"/>
  <testcase name="When User enter the user name or email id &quot;Ajith@gmail&quot;" classname="| Ajith@gmail | 12345 | Invalid credentials |" time="0"/>
  <testcase name="And User enter the password &quot;12345&quot;" classname="| Ajith@gmail | 12345 | Invalid credentials |" time="0"/>
  <testcase name="And User click on the login button" classname="| Ajith@gmail | 12345 | Invalid credentials |" time="0"/>
  <testcase name="And User verify the user name &quot;Invalid credentials&quot; in the header" classname="| Ajith@gmail | 12345 | Invalid credentials |" time="0"/>
  <testcase name="And User logout the application" classname="| Ajith@gmail | 12345 | Invalid credentials |" time="0"/>
  <testcase name="" classname="| Ajith@gmail | 12345 | Invalid credentials |" time="0"/>
</testsuite>